<?xml version="1.0" encoding="UTF-8"?>
<testng-results ignored="0" total="3" passed="3" failed="0" skipped="0">
  <reporter-output>
  </reporter-output>
  <suite started-at="2023-05-29T01:58:35 GMT-04:00" name="Suite" finished-at="2023-05-29T01:58:53 GMT-04:00" duration-ms="17376">
    <groups>
    </groups>
    <test started-at="2023-05-29T01:58:35 GMT-04:00" name="Test" finished-at="2023-05-29T01:58:53 GMT-04:00" duration-ms="17376">
      <class name="com.bhavna.javaapi.testclass.TestCase2">
        <test-method signature="run()[pri:0, instance:com.bhavna.javaapi.testclass.TestCase2@2034b64c]" started-at="2023-05-29T01:58:45 GMT-04:00" name="run" finished-at="2023-05-29T01:58:49 GMT-04:00" duration-ms="3792" status="PASS">
          <reporter-output>
          </reporter-output>
        </test-method> <!-- run -->
      </class> <!-- com.bhavna.javaapi.testclass.TestCase2 -->
      <class name="com.bhavna.javaapi.testclass.TestCase1">
        <test-method signature="run()[pri:0, instance:com.bhavna.javaapi.testclass.TestCase1@563f38c4]" started-at="2023-05-29T01:58:36 GMT-04:00" name="run" finished-at="2023-05-29T01:58:45 GMT-04:00" duration-ms="9515" status="PASS">
          <reporter-output>
          </reporter-output>
        </test-method> <!-- run -->
      </class> <!-- com.bhavna.javaapi.testclass.TestCase1 -->
      <class name="com.bhavna.javaapi.testclass.TestCase3">
        <test-method signature="run()[pri:0, instance:com.bhavna.javaapi.testclass.TestCase3@75d3a5e0]" started-at="2023-05-29T01:58:49 GMT-04:00" name="run" finished-at="2023-05-29T01:58:53 GMT-04:00" duration-ms="3766" status="PASS">
          <reporter-output>
          </reporter-output>
        </test-method> <!-- run -->
      </class> <!-- com.bhavna.javaapi.testclass.TestCase3 -->
    </test> <!-- Test -->
  </suite> <!-- Suite -->
</testng-results>
