<?xml version="1.0" encoding="UTF-8"?>
<!-- Generated by org.testng.reporters.JUnitXMLReporter -->
<testsuite ignored="0" hostname="BhavnaLappy" failures="0" tests="3" name="Test" time="17.376" errors="0" timestamp="2023-05-29T01:58:53 GMT-04:00">
  <testcase classname="com.bhavna.javaapi.testclass.TestCase1" name="run" time="9.515"/>
  <testcase classname="com.bhavna.javaapi.testclass.TestCase2" name="run" time="3.792"/>
  <testcase classname="com.bhavna.javaapi.testclass.TestCase3" name="run" time="3.766"/>
</testsuite> <!-- Test -->
